{"/Users/ozorku/Desktop/paradise/Work/walls-api/src/config.js": {"path":"/Users/ozorku/Desktop/paradise/Work/walls-api/src/config.js","statementMap":{"0":{"start":{"line":1,"column":15},"end":{"line":1,"column":32}},"1":{"start":{"line":2,"column":15},"end":{"line":2,"column":30}},"2":{"start":{"line":4,"column":0},"end":{"line":6,"column":1}},"3":{"start":{"line":5,"column":2},"end":{"line":5,"column":21}},"4":{"start":{"line":8,"column":25},"end":{"line":8,"column":31}},"5":{"start":{"line":9,"column":0},"end":{"line":9,"column":22}}},"fnMap":{},"branchMap":{"0":{"loc":{"start":{"line":4,"column":0},"end":{"line":6,"column":1}},"type":"if","locations":[{"start":{"line":4,"column":0},"end":{"line":6,"column":1}},{"start":{},"end":{}}],"line":4}},"s":{"0":1,"1":1,"2":1,"3":0,"4":1,"5":1},"f":{},"b":{"0":[0,1]},"inputSourceMap":null,"_coverageSchema":"1a1c01bbd47fc00a2c39e90264f33305004495a9","hash":"c66393b41359d4160de46477deecf173b49e96cd"}
,"/Users/ozorku/Desktop/paradise/Work/walls-api/src/server.js": {"path":"/Users/ozorku/Desktop/paradise/Work/walls-api/src/server.js","statementMap":{"0":{"start":{"line":2,"column":16},"end":{"line":2,"column":34}},"1":{"start":{"line":3,"column":12},"end":{"line":3,"column":21}},"2":{"start":{"line":4,"column":19},"end":{"line":4,"column":41}},"3":{"start":{"line":5,"column":18},"end":{"line":5,"column":47}},"4":{"start":{"line":6,"column":13},"end":{"line":6,"column":28}},"5":{"start":{"line":8,"column":28},"end":{"line":8,"column":47}},"6":{"start":{"line":9,"column":15},"end":{"line":9,"column":40}},"7":{"start":{"line":10,"column":25},"end":{"line":10,"column":67}},"8":{"start":{"line":11,"column":20},"end":{"line":11,"column":40}},"9":{"start":{"line":12,"column":26},"end":{"line":12,"column":69}},"10":{"start":{"line":15,"column":0},"end":{"line":15,"column":16}},"11":{"start":{"line":18,"column":0},"end":{"line":18,"column":27}},"12":{"start":{"line":19,"column":0},"end":{"line":19,"column":52}},"13":{"start":{"line":22,"column":0},"end":{"line":22,"column":27}},"14":{"start":{"line":25,"column":0},"end":{"line":28,"column":3}},"15":{"start":{"line":26,"column":2},"end":{"line":26,"column":75}},"16":{"start":{"line":27,"column":2},"end":{"line":27,"column":9}},"17":{"start":{"line":30,"column":0},"end":{"line":30,"column":27}},"18":{"start":{"line":31,"column":0},"end":{"line":31,"column":76}},"19":{"start":{"line":33,"column":0},"end":{"line":33,"column":49}},"20":{"start":{"line":33,"column":25},"end":{"line":33,"column":48}},"21":{"start":{"line":35,"column":0},"end":{"line":37,"column":2}},"22":{"start":{"line":36,"column":22},"end":{"line":36,"column":110}},"23":{"start":{"line":39,"column":0},"end":{"line":46,"column":68}},"24":{"start":{"line":46,"column":85},"end":{"line":46,"column":37818}},"25":{"start":{"line":46,"column":89},"end":{"line":46,"column":37807}}},"fnMap":{"0":{"name":"(anonymous_0)","decl":{"start":{"line":25,"column":8},"end":{"line":25,"column":9}},"loc":{"start":{"line":25,"column":28},"end":{"line":28,"column":1}},"line":25},"1":{"name":"(anonymous_1)","decl":{"start":{"line":33,"column":13},"end":{"line":33,"column":14}},"loc":{"start":{"line":33,"column":25},"end":{"line":33,"column":48}},"line":33},"2":{"name":"(anonymous_2)","decl":{"start":{"line":35,"column":17},"end":{"line":35,"column":18}},"loc":{"start":{"line":35,"column":23},"end":{"line":37,"column":1}},"line":35},"3":{"name":"oo_cm","decl":{"start":{"line":46,"column":77},"end":{"line":46,"column":82}},"loc":{"start":{"line":46,"column":84},"end":{"line":46,"column":37819}},"line":46}},"branchMap":{"0":{"loc":{"start":{"line":46,"column":96},"end":{"line":46,"column":37806}},"type":"binary-expr","locations":[{"start":{"line":46,"column":96},"end":{"line":46,"column":133}},{"start":{"line":46,"column":137},"end":{"line":46,"column":37806}}],"line":46}},"s":{"0":1,"1":1,"2":1,"3":1,"4":1,"5":1,"6":1,"7":1,"8":1,"9":1,"10":1,"11":1,"12":1,"13":1,"14":1,"15":16,"16":16,"17":1,"18":1,"19":1,"20":0,"21":1,"22":1,"23":1,"24":1,"25":1},"f":{"0":16,"1":0,"2":1,"3":1},"b":{"0":[1,1]},"inputSourceMap":null,"_coverageSchema":"1a1c01bbd47fc00a2c39e90264f33305004495a9","hash":"bd524a08e7b5c0e4a96a65b3d6c14bf0775edc89"}
,"/Users/ozorku/Desktop/paradise/Work/walls-api/src/swagger.js": {"path":"/Users/ozorku/Desktop/paradise/Work/walls-api/src/swagger.js","statementMap":{"0":{"start":{"line":1,"column":21},"end":{"line":1,"column":45}},"1":{"start":{"line":2,"column":28},"end":{"line":2,"column":47}},"2":{"start":{"line":4,"column":23},"end":{"line":19,"column":1}},"3":{"start":{"line":21,"column":20},"end":{"line":21,"column":48}},"4":{"start":{"line":23,"column":0},"end":{"line":23,"column":28}}},"fnMap":{},"branchMap":{},"s":{"0":1,"1":1,"2":1,"3":1,"4":1},"f":{},"b":{},"inputSourceMap":null,"_coverageSchema":"1a1c01bbd47fc00a2c39e90264f33305004495a9","hash":"274832cd5b96b674baaa38152ca14bf42651510f"}
,"/Users/ozorku/Desktop/paradise/Work/walls-api/src/__tests__/auth.js": {"path":"/Users/ozorku/Desktop/paradise/Work/walls-api/src/__tests__/auth.js","statementMap":{"0":{"start":{"line":1,"column":16},"end":{"line":1,"column":36}},"1":{"start":{"line":2,"column":22},"end":{"line":2,"column":42}},"2":{"start":{"line":3,"column":12},"end":{"line":3,"column":32}},"3":{"start":{"line":5,"column":29},"end":{"line":5,"column":65}},"4":{"start":{"line":7,"column":17},"end":{"line":7,"column":57}},"5":{"start":{"line":9,"column":20},"end":{"line":71,"column":1}},"6":{"start":{"line":10,"column":15},"end":{"line":10,"column":25}},"7":{"start":{"line":11,"column":2},"end":{"line":20,"column":4}},"8":{"start":{"line":12,"column":4},"end":{"line":19,"column":7}},"9":{"start":{"line":13,"column":23},"end":{"line":17,"column":42}},"10":{"start":{"line":18,"column":6},"end":{"line":18,"column":43}},"11":{"start":{"line":21,"column":2},"end":{"line":30,"column":4}},"12":{"start":{"line":22,"column":4},"end":{"line":29,"column":7}},"13":{"start":{"line":23,"column":23},"end":{"line":27,"column":42}},"14":{"start":{"line":28,"column":6},"end":{"line":28,"column":43}},"15":{"start":{"line":31,"column":2},"end":{"line":40,"column":4}},"16":{"start":{"line":32,"column":4},"end":{"line":39,"column":7}},"17":{"start":{"line":33,"column":23},"end":{"line":37,"column":42}},"18":{"start":{"line":38,"column":6},"end":{"line":38,"column":43}},"19":{"start":{"line":41,"column":2},"end":{"line":50,"column":4}},"20":{"start":{"line":42,"column":4},"end":{"line":49,"column":7}},"21":{"start":{"line":43,"column":23},"end":{"line":47,"column":42}},"22":{"start":{"line":48,"column":6},"end":{"line":48,"column":43}},"23":{"start":{"line":51,"column":2},"end":{"line":60,"column":5}},"24":{"start":{"line":52,"column":4},"end":{"line":59,"column":7}},"25":{"start":{"line":53,"column":23},"end":{"line":57,"column":42}},"26":{"start":{"line":58,"column":6},"end":{"line":58,"column":43}},"27":{"start":{"line":61,"column":2},"end":{"line":70,"column":5}},"28":{"start":{"line":62,"column":4},"end":{"line":69,"column":7}},"29":{"start":{"line":63,"column":23},"end":{"line":67,"column":42}},"30":{"start":{"line":68,"column":6},"end":{"line":68,"column":43}},"31":{"start":{"line":73,"column":25},"end":{"line":76,"column":1}},"32":{"start":{"line":78,"column":19},"end":{"line":112,"column":1}},"33":{"start":{"line":79,"column":15},"end":{"line":79,"column":22}},"34":{"start":{"line":80,"column":2},"end":{"line":89,"column":4}},"35":{"start":{"line":81,"column":4},"end":{"line":88,"column":7}},"36":{"start":{"line":82,"column":23},"end":{"line":86,"column":42}},"37":{"start":{"line":87,"column":6},"end":{"line":87,"column":43}},"38":{"start":{"line":90,"column":2},"end":{"line":99,"column":4}},"39":{"start":{"line":91,"column":4},"end":{"line":98,"column":7}},"40":{"start":{"line":92,"column":23},"end":{"line":96,"column":42}},"41":{"start":{"line":97,"column":6},"end":{"line":97,"column":43}},"42":{"start":{"line":100,"column":2},"end":{"line":111,"column":4}},"43":{"start":{"line":101,"column":4},"end":{"line":104,"column":7}},"44":{"start":{"line":102,"column":23},"end":{"line":102,"column":93}},"45":{"start":{"line":103,"column":6},"end":{"line":103,"column":43}},"46":{"start":{"line":105,"column":4},"end":{"line":110,"column":7}},"47":{"start":{"line":106,"column":23},"end":{"line":106,"column":93}},"48":{"start":{"line":107,"column":22},"end":{"line":107,"column":52}},"49":{"start":{"line":108,"column":25},"end":{"line":108,"column":79}},"50":{"start":{"line":108,"column":48},"end":{"line":108,"column":78}},"51":{"start":{"line":109,"column":6},"end":{"line":109,"column":38}},"52":{"start":{"line":114,"column":24},"end":{"line":119,"column":1}},"53":{"start":{"line":115,"column":25},"end":{"line":115,"column":93}},"54":{"start":{"line":116,"column":18},"end":{"line":116,"column":54}},"55":{"start":{"line":117,"column":21},"end":{"line":117,"column":75}},"56":{"start":{"line":117,"column":44},"end":{"line":117,"column":74}},"57":{"start":{"line":118,"column":2},"end":{"line":118,"column":19}},"58":{"start":{"line":121,"column":0},"end":{"line":121,"column":61}}},"fnMap":{"0":{"name":"(anonymous_0)","decl":{"start":{"line":9,"column":20},"end":{"line":9,"column":21}},"loc":{"start":{"line":9,"column":26},"end":{"line":71,"column":1}},"line":9},"1":{"name":"(anonymous_1)","decl":{"start":{"line":11,"column":50},"end":{"line":11,"column":51}},"loc":{"start":{"line":11,"column":56},"end":{"line":20,"column":3}},"line":11},"2":{"name":"(anonymous_2)","decl":{"start":{"line":12,"column":46},"end":{"line":12,"column":47}},"loc":{"start":{"line":12,"column":58},"end":{"line":19,"column":5}},"line":12},"3":{"name":"(anonymous_3)","decl":{"start":{"line":21,"column":46},"end":{"line":21,"column":47}},"loc":{"start":{"line":21,"column":52},"end":{"line":30,"column":3}},"line":21},"4":{"name":"(anonymous_4)","decl":{"start":{"line":22,"column":46},"end":{"line":22,"column":47}},"loc":{"start":{"line":22,"column":58},"end":{"line":29,"column":5}},"line":22},"5":{"name":"(anonymous_5)","decl":{"start":{"line":31,"column":46},"end":{"line":31,"column":47}},"loc":{"start":{"line":31,"column":52},"end":{"line":40,"column":3}},"line":31},"6":{"name":"(anonymous_6)","decl":{"start":{"line":32,"column":46},"end":{"line":32,"column":47}},"loc":{"start":{"line":32,"column":58},"end":{"line":39,"column":5}},"line":32},"7":{"name":"(anonymous_7)","decl":{"start":{"line":41,"column":37},"end":{"line":41,"column":38}},"loc":{"start":{"line":41,"column":43},"end":{"line":50,"column":3}},"line":41},"8":{"name":"(anonymous_8)","decl":{"start":{"line":42,"column":46},"end":{"line":42,"column":47}},"loc":{"start":{"line":42,"column":58},"end":{"line":49,"column":5}},"line":42},"9":{"name":"(anonymous_9)","decl":{"start":{"line":51,"column":50},"end":{"line":51,"column":51}},"loc":{"start":{"line":51,"column":56},"end":{"line":60,"column":3}},"line":51},"10":{"name":"(anonymous_10)","decl":{"start":{"line":52,"column":75},"end":{"line":52,"column":76}},"loc":{"start":{"line":52,"column":87},"end":{"line":59,"column":5}},"line":52},"11":{"name":"(anonymous_11)","decl":{"start":{"line":61,"column":58},"end":{"line":61,"column":59}},"loc":{"start":{"line":61,"column":64},"end":{"line":70,"column":3}},"line":61},"12":{"name":"(anonymous_12)","decl":{"start":{"line":62,"column":46},"end":{"line":62,"column":47}},"loc":{"start":{"line":62,"column":58},"end":{"line":69,"column":5}},"line":62},"13":{"name":"(anonymous_13)","decl":{"start":{"line":78,"column":19},"end":{"line":78,"column":20}},"loc":{"start":{"line":78,"column":25},"end":{"line":112,"column":1}},"line":78},"14":{"name":"(anonymous_14)","decl":{"start":{"line":80,"column":50},"end":{"line":80,"column":51}},"loc":{"start":{"line":80,"column":56},"end":{"line":89,"column":3}},"line":80},"15":{"name":"(anonymous_15)","decl":{"start":{"line":81,"column":46},"end":{"line":81,"column":47}},"loc":{"start":{"line":81,"column":58},"end":{"line":88,"column":5}},"line":81},"16":{"name":"(anonymous_16)","decl":{"start":{"line":90,"column":54},"end":{"line":90,"column":55}},"loc":{"start":{"line":90,"column":60},"end":{"line":99,"column":3}},"line":90},"17":{"name":"(anonymous_17)","decl":{"start":{"line":91,"column":46},"end":{"line":91,"column":47}},"loc":{"start":{"line":91,"column":58},"end":{"line":98,"column":5}},"line":91},"18":{"name":"(anonymous_18)","decl":{"start":{"line":100,"column":52},"end":{"line":100,"column":53}},"loc":{"start":{"line":100,"column":58},"end":{"line":111,"column":3}},"line":100},"19":{"name":"(anonymous_19)","decl":{"start":{"line":101,"column":46},"end":{"line":101,"column":47}},"loc":{"start":{"line":101,"column":58},"end":{"line":104,"column":5}},"line":101},"20":{"name":"(anonymous_20)","decl":{"start":{"line":105,"column":47},"end":{"line":105,"column":48}},"loc":{"start":{"line":105,"column":59},"end":{"line":110,"column":5}},"line":105},"21":{"name":"(anonymous_21)","decl":{"start":{"line":108,"column":38},"end":{"line":108,"column":39}},"loc":{"start":{"line":108,"column":48},"end":{"line":108,"column":78}},"line":108},"22":{"name":"(anonymous_22)","decl":{"start":{"line":114,"column":24},"end":{"line":114,"column":25}},"loc":{"start":{"line":114,"column":36},"end":{"line":119,"column":1}},"line":114},"23":{"name":"(anonymous_23)","decl":{"start":{"line":117,"column":34},"end":{"line":117,"column":35}},"loc":{"start":{"line":117,"column":44},"end":{"line":117,"column":74}},"line":117}},"branchMap":{},"s":{"0":1,"1":1,"2":1,"3":1,"4":1,"5":1,"6":1,"7":1,"8":1,"9":1,"10":1,"11":1,"12":1,"13":1,"14":1,"15":1,"16":1,"17":1,"18":1,"19":1,"20":1,"21":1,"22":1,"23":1,"24":1,"25":1,"26":1,"27":1,"28":1,"29":1,"30":1,"31":1,"32":1,"33":1,"34":1,"35":1,"36":1,"37":1,"38":1,"39":1,"40":1,"41":1,"42":1,"43":1,"44":1,"45":1,"46":1,"47":1,"48":1,"49":1,"50":1,"51":1,"52":1,"53":2,"54":2,"55":2,"56":2,"57":2,"58":1},"f":{"0":1,"1":1,"2":1,"3":1,"4":1,"5":1,"6":1,"7":1,"8":1,"9":1,"10":1,"11":1,"12":1,"13":1,"14":1,"15":1,"16":1,"17":1,"18":1,"19":1,"20":1,"21":1,"22":2,"23":2},"b":{},"inputSourceMap":null,"_coverageSchema":"1a1c01bbd47fc00a2c39e90264f33305004495a9","hash":"a909965865971bd9a6b2ca6f74ec64f525d84a27"}
,"/Users/ozorku/Desktop/paradise/Work/walls-api/src/__tests__/profile.js": {"path":"/Users/ozorku/Desktop/paradise/Work/walls-api/src/__tests__/profile.js","statementMap":{"0":{"start":{"line":1,"column":16},"end":{"line":1,"column":36}},"1":{"start":{"line":2,"column":22},"end":{"line":2,"column":42}},"2":{"start":{"line":3,"column":12},"end":{"line":3,"column":32}},"3":{"start":{"line":4,"column":28},"end":{"line":4,"column":45}},"4":{"start":{"line":7,"column":31},"end":{"line":21,"column":1}},"5":{"start":{"line":8,"column":15},"end":{"line":8,"column":27}},"6":{"start":{"line":9,"column":2},"end":{"line":14,"column":4}},"7":{"start":{"line":10,"column":4},"end":{"line":13,"column":7}},"8":{"start":{"line":11,"column":23},"end":{"line":11,"column":69}},"9":{"start":{"line":12,"column":6},"end":{"line":12,"column":43}},"10":{"start":{"line":15,"column":2},"end":{"line":20,"column":4}},"11":{"start":{"line":16,"column":4},"end":{"line":19,"column":7}},"12":{"start":{"line":17,"column":23},"end":{"line":17,"column":108}},"13":{"start":{"line":18,"column":6},"end":{"line":18,"column":43}},"14":{"start":{"line":23,"column":34},"end":{"line":42,"column":1}},"15":{"start":{"line":24,"column":15},"end":{"line":24,"column":31}},"16":{"start":{"line":25,"column":2},"end":{"line":30,"column":4}},"17":{"start":{"line":26,"column":4},"end":{"line":29,"column":7}},"18":{"start":{"line":27,"column":23},"end":{"line":27,"column":69}},"19":{"start":{"line":28,"column":6},"end":{"line":28,"column":43}},"20":{"start":{"line":31,"column":2},"end":{"line":41,"column":4}},"21":{"start":{"line":32,"column":4},"end":{"line":40,"column":7}},"22":{"start":{"line":33,"column":23},"end":{"line":38,"column":47}},"23":{"start":{"line":39,"column":6},"end":{"line":39,"column":43}},"24":{"start":{"line":44,"column":0},"end":{"line":44,"column":70}}},"fnMap":{"0":{"name":"(anonymous_0)","decl":{"start":{"line":7,"column":31},"end":{"line":7,"column":32}},"loc":{"start":{"line":7,"column":37},"end":{"line":21,"column":1}},"line":7},"1":{"name":"(anonymous_1)","decl":{"start":{"line":9,"column":53},"end":{"line":9,"column":54}},"loc":{"start":{"line":9,"column":59},"end":{"line":14,"column":3}},"line":9},"2":{"name":"(anonymous_2)","decl":{"start":{"line":10,"column":46},"end":{"line":10,"column":47}},"loc":{"start":{"line":10,"column":58},"end":{"line":13,"column":5}},"line":10},"3":{"name":"(anonymous_3)","decl":{"start":{"line":15,"column":42},"end":{"line":15,"column":43}},"loc":{"start":{"line":15,"column":48},"end":{"line":20,"column":3}},"line":15},"4":{"name":"(anonymous_4)","decl":{"start":{"line":16,"column":46},"end":{"line":16,"column":47}},"loc":{"start":{"line":16,"column":58},"end":{"line":19,"column":5}},"line":16},"5":{"name":"(anonymous_5)","decl":{"start":{"line":23,"column":34},"end":{"line":23,"column":35}},"loc":{"start":{"line":23,"column":40},"end":{"line":42,"column":1}},"line":23},"6":{"name":"(anonymous_6)","decl":{"start":{"line":25,"column":53},"end":{"line":25,"column":54}},"loc":{"start":{"line":25,"column":59},"end":{"line":30,"column":3}},"line":25},"7":{"name":"(anonymous_7)","decl":{"start":{"line":26,"column":46},"end":{"line":26,"column":47}},"loc":{"start":{"line":26,"column":58},"end":{"line":29,"column":5}},"line":26},"8":{"name":"(anonymous_8)","decl":{"start":{"line":31,"column":78},"end":{"line":31,"column":79}},"loc":{"start":{"line":31,"column":84},"end":{"line":41,"column":3}},"line":31},"9":{"name":"(anonymous_9)","decl":{"start":{"line":32,"column":46},"end":{"line":32,"column":47}},"loc":{"start":{"line":32,"column":58},"end":{"line":40,"column":5}},"line":32}},"branchMap":{},"s":{"0":1,"1":1,"2":1,"3":1,"4":1,"5":1,"6":1,"7":1,"8":1,"9":1,"10":1,"11":1,"12":1,"13":1,"14":1,"15":1,"16":1,"17":1,"18":1,"19":1,"20":1,"21":1,"22":1,"23":1,"24":1},"f":{"0":1,"1":1,"2":1,"3":1,"4":1,"5":1,"6":1,"7":1,"8":1,"9":1},"b":{},"inputSourceMap":null,"_coverageSchema":"1a1c01bbd47fc00a2c39e90264f33305004495a9","hash":"fcc237579f44a283bba703b64264bd196dce30c4"}
,"/Users/ozorku/Desktop/paradise/Work/walls-api/src/controllers/auth.controller.js": {"path":"/Users/ozorku/Desktop/paradise/Work/walls-api/src/controllers/auth.controller.js","statementMap":{"0":{"start":{"line":1,"column":15},"end":{"line":1,"column":37}},"1":{"start":{"line":2,"column":15},"end":{"line":2,"column":32}},"2":{"start":{"line":6,"column":4},"end":{"line":6,"column":32}},"3":{"start":{"line":7,"column":15},"end":{"line":7,"column":33}},"4":{"start":{"line":9,"column":44},"end":{"line":9,"column":65}},"5":{"start":{"line":10,"column":15},"end":{"line":10,"column":31}},"6":{"start":{"line":11,"column":18},"end":{"line":11,"column":41}},"7":{"start":{"line":15,"column":4},"end":{"line":35,"column":5}},"8":{"start":{"line":16,"column":6},"end":{"line":16,"column":49}},"9":{"start":{"line":18,"column":26},"end":{"line":18,"column":100}},"10":{"start":{"line":19,"column":6},"end":{"line":19,"column":141}},"11":{"start":{"line":19,"column":30},"end":{"line":19,"column":141}},"12":{"start":{"line":21,"column":25},"end":{"line":21,"column":27}},"13":{"start":{"line":22,"column":19},"end":{"line":22,"column":55}},"14":{"start":{"line":23,"column":19},"end":{"line":23,"column":65}},"15":{"start":{"line":25,"column":6},"end":{"line":25,"column":69}},"16":{"start":{"line":26,"column":6},"end":{"line":28,"column":88}},"17":{"start":{"line":30,"column":6},"end":{"line":34,"column":7}},"18":{"start":{"line":31,"column":8},"end":{"line":31,"column":102}},"19":{"start":{"line":33,"column":8},"end":{"line":33,"column":125}},"20":{"start":{"line":39,"column":4},"end":{"line":60,"column":5}},"21":{"start":{"line":40,"column":6},"end":{"line":40,"column":42}},"22":{"start":{"line":42,"column":26},"end":{"line":42,"column":100}},"23":{"start":{"line":43,"column":6},"end":{"line":43,"column":146}},"24":{"start":{"line":43,"column":35},"end":{"line":43,"column":146}},"25":{"start":{"line":45,"column":20},"end":{"line":45,"column":84}},"26":{"start":{"line":46,"column":6},"end":{"line":46,"column":129}},"27":{"start":{"line":46,"column":18},"end":{"line":46,"column":129}},"28":{"start":{"line":47,"column":24},"end":{"line":47,"column":32}},"29":{"start":{"line":48,"column":6},"end":{"line":48,"column":39}},"30":{"start":{"line":49,"column":6},"end":{"line":52,"column":7}},"31":{"start":{"line":53,"column":6},"end":{"line":53,"column":90}},"32":{"start":{"line":55,"column":6},"end":{"line":59,"column":7}},"33":{"start":{"line":56,"column":8},"end":{"line":56,"column":102}},"34":{"start":{"line":58,"column":8},"end":{"line":58,"column":125}},"35":{"start":{"line":64,"column":4},"end":{"line":69,"column":5}},"36":{"start":{"line":67,"column":6},"end":{"line":67,"column":123}},"37":{"start":{"line":73,"column":0},"end":{"line":73,"column":31}}},"fnMap":{"0":{"name":"(anonymous_0)","decl":{"start":{"line":14,"column":2},"end":{"line":14,"column":3}},"loc":{"start":{"line":14,"column":34},"end":{"line":36,"column":3}},"line":14},"1":{"name":"(anonymous_1)","decl":{"start":{"line":38,"column":2},"end":{"line":38,"column":3}},"loc":{"start":{"line":38,"column":31},"end":{"line":61,"column":3}},"line":38},"2":{"name":"(anonymous_2)","decl":{"start":{"line":63,"column":2},"end":{"line":63,"column":3}},"loc":{"start":{"line":63,"column":32},"end":{"line":70,"column":3}},"line":63}},"branchMap":{"0":{"loc":{"start":{"line":19,"column":6},"end":{"line":19,"column":141}},"type":"if","locations":[{"start":{"line":19,"column":6},"end":{"line":19,"column":141}},{"start":{},"end":{}}],"line":19},"1":{"loc":{"start":{"line":30,"column":6},"end":{"line":34,"column":7}},"type":"if","locations":[{"start":{"line":30,"column":6},"end":{"line":34,"column":7}},{"start":{"line":32,"column":13},"end":{"line":34,"column":7}}],"line":30},"2":{"loc":{"start":{"line":43,"column":6},"end":{"line":43,"column":146}},"type":"if","locations":[{"start":{"line":43,"column":6},"end":{"line":43,"column":146}},{"start":{},"end":{}}],"line":43},"3":{"loc":{"start":{"line":46,"column":6},"end":{"line":46,"column":129}},"type":"if","locations":[{"start":{"line":46,"column":6},"end":{"line":46,"column":129}},{"start":{},"end":{}}],"line":46},"4":{"loc":{"start":{"line":55,"column":6},"end":{"line":59,"column":7}},"type":"if","locations":[{"start":{"line":55,"column":6},"end":{"line":59,"column":7}},{"start":{"line":57,"column":13},"end":{"line":59,"column":7}}],"line":55}},"s":{"0":1,"1":1,"2":1,"3":1,"4":1,"5":1,"6":1,"7":6,"8":6,"9":2,"10":2,"11":1,"12":1,"13":1,"14":1,"15":1,"16":1,"17":4,"18":4,"19":0,"20":6,"21":6,"22":5,"23":5,"24":1,"25":4,"26":4,"27":0,"28":4,"29":4,"30":4,"31":4,"32":1,"33":1,"34":0,"35":0,"36":0,"37":1},"f":{"0":6,"1":6,"2":0},"b":{"0":[1,1],"1":[4,0],"2":[1,4],"3":[0,4],"4":[1,0]},"inputSourceMap":null,"_coverageSchema":"1a1c01bbd47fc00a2c39e90264f33305004495a9","hash":"93ec611fedf6a8d31f494ea507835d39f25b0f56"}
,"/Users/ozorku/Desktop/paradise/Work/walls-api/src/controllers/profile.controller.js": {"path":"/Users/ozorku/Desktop/paradise/Work/walls-api/src/controllers/profile.controller.js","statementMap":{"0":{"start":{"line":1,"column":15},"end":{"line":1,"column":37}},"1":{"start":{"line":5,"column":4},"end":{"line":5,"column":32}},"2":{"start":{"line":7,"column":15},"end":{"line":7,"column":31}},"3":{"start":{"line":8,"column":40},"end":{"line":8,"column":63}},"4":{"start":{"line":9,"column":28},"end":{"line":9,"column":70}},"5":{"start":{"line":13,"column":4},"end":{"line":32,"column":5}},"6":{"start":{"line":14,"column":42},"end":{"line":14,"column":53}},"7":{"start":{"line":15,"column":21},"end":{"line":22,"column":112}},"8":{"start":{"line":23,"column":6},"end":{"line":25,"column":50}},"9":{"start":{"line":27,"column":6},"end":{"line":31,"column":7}},"10":{"start":{"line":28,"column":8},"end":{"line":28,"column":102}},"11":{"start":{"line":30,"column":8},"end":{"line":30,"column":125}},"12":{"start":{"line":36,"column":4},"end":{"line":63,"column":5}},"13":{"start":{"line":37,"column":6},"end":{"line":37,"column":50}},"14":{"start":{"line":38,"column":42},"end":{"line":38,"column":53}},"15":{"start":{"line":39,"column":43},"end":{"line":39,"column":51}},"16":{"start":{"line":41,"column":21},"end":{"line":47,"column":22}},"17":{"start":{"line":49,"column":6},"end":{"line":49,"column":25}},"18":{"start":{"line":50,"column":6},"end":{"line":50,"column":29}},"19":{"start":{"line":52,"column":6},"end":{"line":55,"column":9}},"20":{"start":{"line":57,"column":6},"end":{"line":57,"column":26}},"21":{"start":{"line":58,"column":6},"end":{"line":62,"column":7}},"22":{"start":{"line":59,"column":8},"end":{"line":59,"column":102}},"23":{"start":{"line":61,"column":8},"end":{"line":61,"column":125}},"24":{"start":{"line":67,"column":0},"end":{"line":67,"column":34}}},"fnMap":{"0":{"name":"(anonymous_0)","decl":{"start":{"line":12,"column":2},"end":{"line":12,"column":3}},"loc":{"start":{"line":12,"column":29},"end":{"line":33,"column":3}},"line":12},"1":{"name":"(anonymous_1)","decl":{"start":{"line":35,"column":2},"end":{"line":35,"column":3}},"loc":{"start":{"line":35,"column":32},"end":{"line":64,"column":3}},"line":35}},"branchMap":{"0":{"loc":{"start":{"line":27,"column":6},"end":{"line":31,"column":7}},"type":"if","locations":[{"start":{"line":27,"column":6},"end":{"line":31,"column":7}},{"start":{"line":29,"column":13},"end":{"line":31,"column":7}}],"line":27},"1":{"loc":{"start":{"line":58,"column":6},"end":{"line":62,"column":7}},"type":"if","locations":[{"start":{"line":58,"column":6},"end":{"line":62,"column":7}},{"start":{"line":60,"column":13},"end":{"line":62,"column":7}}],"line":58}},"s":{"0":1,"1":1,"2":1,"3":1,"4":1,"5":1,"6":1,"7":1,"8":1,"9":0,"10":0,"11":0,"12":1,"13":1,"14":1,"15":1,"16":1,"17":1,"18":1,"19":1,"20":0,"21":0,"22":0,"23":0,"24":1},"f":{"0":1,"1":1},"b":{"0":[0,0],"1":[0,0]},"inputSourceMap":null,"_coverageSchema":"1a1c01bbd47fc00a2c39e90264f33305004495a9","hash":"83d4852aadf4bd69fd60959eb49e56f3b0dba34e"}
,"/Users/ozorku/Desktop/paradise/Work/walls-api/src/db/index.js": {"path":"/Users/ozorku/Desktop/paradise/Work/walls-api/src/db/index.js","statementMap":{"0":{"start":{"line":1,"column":20},"end":{"line":1,"column":56}},"1":{"start":{"line":2,"column":25},"end":{"line":2,"column":38}},"2":{"start":{"line":3,"column":15},"end":{"line":3,"column":34}},"3":{"start":{"line":5,"column":25},"end":{"line":5,"column":45}},"4":{"start":{"line":7,"column":0},"end":{"line":9,"column":1}},"5":{"start":{"line":8,"column":2},"end":{"line":8,"column":64}},"6":{"start":{"line":11,"column":15},"end":{"line":11,"column":61}},"7":{"start":{"line":13,"column":0},"end":{"line":13,"column":17}},"8":{"start":{"line":14,"column":11},"end":{"line":14,"column":46}},"9":{"start":{"line":15,"column":0},"end":{"line":15,"column":23}}},"fnMap":{},"branchMap":{"0":{"loc":{"start":{"line":7,"column":0},"end":{"line":9,"column":1}},"type":"if","locations":[{"start":{"line":7,"column":0},"end":{"line":9,"column":1}},{"start":{},"end":{}}],"line":7}},"s":{"0":1,"1":1,"2":1,"3":1,"4":1,"5":0,"6":1,"7":1,"8":1,"9":1},"f":{},"b":{"0":[0,1]},"inputSourceMap":null,"_coverageSchema":"1a1c01bbd47fc00a2c39e90264f33305004495a9","hash":"8a4f881601191e715697f136c5083c30b7493fbf"}
,"/Users/ozorku/Desktop/paradise/Work/walls-api/src/db/redis.js": {"path":"/Users/ozorku/Desktop/paradise/Work/walls-api/src/db/redis.js","statementMap":{"0":{"start":{"line":1,"column":25},"end":{"line":1,"column":41}},"1":{"start":{"line":3,"column":20},"end":{"line":6,"column":2}},"2":{"start":{"line":8,"column":0},"end":{"line":8,"column":42}},"3":{"start":{"line":10,"column":0},"end":{"line":10,"column":29}}},"fnMap":{},"branchMap":{},"s":{"0":1,"1":1,"2":1,"3":1},"f":{},"b":{},"inputSourceMap":null,"_coverageSchema":"1a1c01bbd47fc00a2c39e90264f33305004495a9","hash":"b39882bb2c2cfc13db1d54dcffe3fc29701d9da6"}
,"/Users/ozorku/Desktop/paradise/Work/walls-api/src/db/schema.js": {"path":"/Users/ozorku/Desktop/paradise/Work/walls-api/src/db/schema.js","statementMap":{"0":{"start":{"line":9,"column":4},"end":{"line":9,"column":34}},"1":{"start":{"line":10,"column":21},"end":{"line":10,"column":52}},"2":{"start":{"line":13,"column":19},"end":{"line":13,"column":68}},"3":{"start":{"line":16,"column":14},"end":{"line":26,"column":1}},"4":{"start":{"line":19,"column":49},"end":{"line":19,"column":59}},"5":{"start":{"line":23,"column":14},"end":{"line":25,"column":3}},"6":{"start":{"line":28,"column":17},"end":{"line":41,"column":1}},"7":{"start":{"line":31,"column":49},"end":{"line":31,"column":59}},"8":{"start":{"line":38,"column":17},"end":{"line":40,"column":3}},"9":{"start":{"line":43,"column":0},"end":{"line":43,"column":48}}},"fnMap":{"0":{"name":"(anonymous_0)","decl":{"start":{"line":19,"column":43},"end":{"line":19,"column":44}},"loc":{"start":{"line":19,"column":49},"end":{"line":19,"column":59}},"line":19},"1":{"name":"(anonymous_1)","decl":{"start":{"line":23,"column":2},"end":{"line":23,"column":3}},"loc":{"start":{"line":23,"column":14},"end":{"line":25,"column":3}},"line":23},"2":{"name":"(anonymous_2)","decl":{"start":{"line":31,"column":43},"end":{"line":31,"column":44}},"loc":{"start":{"line":31,"column":49},"end":{"line":31,"column":59}},"line":31},"3":{"name":"(anonymous_3)","decl":{"start":{"line":38,"column":2},"end":{"line":38,"column":3}},"loc":{"start":{"line":38,"column":17},"end":{"line":40,"column":3}},"line":38}},"branchMap":{},"s":{"0":1,"1":1,"2":1,"3":1,"4":1,"5":1,"6":1,"7":1,"8":1,"9":1},"f":{"0":1,"1":1,"2":1,"3":1},"b":{},"inputSourceMap":null,"_coverageSchema":"1a1c01bbd47fc00a2c39e90264f33305004495a9","hash":"2504fa707246dc4fb6f56c1a820dd44ea4898032"}
,"/Users/ozorku/Desktop/paradise/Work/walls-api/src/middlewares/authorization.middleware.js": {"path":"/Users/ozorku/Desktop/paradise/Work/walls-api/src/middlewares/authorization.middleware.js","statementMap":{"0":{"start":{"line":3,"column":4},"end":{"line":3,"column":32}},"1":{"start":{"line":5,"column":32},"end":{"line":10,"column":1}},"2":{"start":{"line":6,"column":2},"end":{"line":8,"column":3}},"3":{"start":{"line":7,"column":4},"end":{"line":7,"column":107}},"4":{"start":{"line":9,"column":2},"end":{"line":9,"column":9}},"5":{"start":{"line":12,"column":0},"end":{"line":12,"column":40}}},"fnMap":{"0":{"name":"(anonymous_0)","decl":{"start":{"line":5,"column":32},"end":{"line":5,"column":33}},"loc":{"start":{"line":5,"column":52},"end":{"line":10,"column":1}},"line":5}},"branchMap":{"0":{"loc":{"start":{"line":6,"column":2},"end":{"line":8,"column":3}},"type":"if","locations":[{"start":{"line":6,"column":2},"end":{"line":8,"column":3}},{"start":{},"end":{}}],"line":6},"1":{"loc":{"start":{"line":6,"column":6},"end":{"line":6,"column":43}},"type":"binary-expr","locations":[{"start":{"line":6,"column":6},"end":{"line":6,"column":18}},{"start":{"line":6,"column":22},"end":{"line":6,"column":43}}],"line":6}},"s":{"0":1,"1":1,"2":4,"3":2,"4":2,"5":1},"f":{"0":4},"b":{"0":[2,2],"1":[4,4]},"inputSourceMap":null,"_coverageSchema":"1a1c01bbd47fc00a2c39e90264f33305004495a9","hash":"ed199bec4225ce7948de0a1d3b9ed6e844b161c9"}
,"/Users/ozorku/Desktop/paradise/Work/walls-api/src/middlewares/logger.middleware.js": {"path":"/Users/ozorku/Desktop/paradise/Work/walls-api/src/middlewares/logger.middleware.js","statementMap":{"0":{"start":{"line":1,"column":16},"end":{"line":1,"column":34}},"1":{"start":{"line":3,"column":15},"end":{"line":16,"column":2}},"2":{"start":{"line":9,"column":16},"end":{"line":9,"column":66}},"3":{"start":{"line":18,"column":0},"end":{"line":18,"column":23}}},"fnMap":{"0":{"name":"(anonymous_0)","decl":{"start":{"line":9,"column":6},"end":{"line":9,"column":7}},"loc":{"start":{"line":9,"column":16},"end":{"line":9,"column":66}},"line":9}},"branchMap":{},"s":{"0":1,"1":1,"2":16,"3":1},"f":{"0":16},"b":{},"inputSourceMap":null,"_coverageSchema":"1a1c01bbd47fc00a2c39e90264f33305004495a9","hash":"a10a88cd9600f6ae33ef022e253b4495afa189da"}
,"/Users/ozorku/Desktop/paradise/Work/walls-api/src/middlewares/session.middleware.js": {"path":"/Users/ozorku/Desktop/paradise/Work/walls-api/src/middlewares/session.middleware.js","statementMap":{"0":{"start":{"line":1,"column":23},"end":{"line":1,"column":49}},"1":{"start":{"line":3,"column":19},"end":{"line":3,"column":51}},"2":{"start":{"line":4,"column":20},"end":{"line":4,"column":42}},"3":{"start":{"line":5,"column":27},"end":{"line":5,"column":47}},"4":{"start":{"line":8,"column":17},"end":{"line":11,"column":2}},"5":{"start":{"line":13,"column":0},"end":{"line":25,"column":3}}},"fnMap":{},"branchMap":{},"s":{"0":1,"1":1,"2":1,"3":1,"4":1,"5":1},"f":{},"b":{},"inputSourceMap":null,"_coverageSchema":"1a1c01bbd47fc00a2c39e90264f33305004495a9","hash":"7469d6340dc4af565946dd47837ca17a752cb833"}
,"/Users/ozorku/Desktop/paradise/Work/walls-api/src/routes/auth.route.js": {"path":"/Users/ozorku/Desktop/paradise/Work/walls-api/src/routes/auth.route.js","statementMap":{"0":{"start":{"line":1,"column":19},"end":{"line":1,"column":37}},"1":{"start":{"line":2,"column":23},"end":{"line":2,"column":64}},"2":{"start":{"line":4,"column":18},"end":{"line":4,"column":26}},"3":{"start":{"line":34,"column":0},"end":{"line":34,"column":53}},"4":{"start":{"line":62,"column":0},"end":{"line":62,"column":47}},"5":{"start":{"line":77,"column":0},"end":{"line":77,"column":49}},"6":{"start":{"line":79,"column":0},"end":{"line":79,"column":26}}},"fnMap":{},"branchMap":{},"s":{"0":1,"1":1,"2":1,"3":1,"4":1,"5":1,"6":1},"f":{},"b":{},"inputSourceMap":null,"_coverageSchema":"1a1c01bbd47fc00a2c39e90264f33305004495a9","hash":"aa7351a132c62b9876514a189d4fab5d10a20a36"}
,"/Users/ozorku/Desktop/paradise/Work/walls-api/src/routes/index.js": {"path":"/Users/ozorku/Desktop/paradise/Work/walls-api/src/routes/index.js","statementMap":{"0":{"start":{"line":1,"column":19},"end":{"line":1,"column":37}},"1":{"start":{"line":2,"column":14},"end":{"line":2,"column":43}},"2":{"start":{"line":4,"column":18},"end":{"line":4,"column":41}},"3":{"start":{"line":5,"column":21},"end":{"line":5,"column":47}},"4":{"start":{"line":7,"column":22},"end":{"line":7,"column":42}},"5":{"start":{"line":9,"column":18},"end":{"line":9,"column":26}},"6":{"start":{"line":11,"column":0},"end":{"line":13,"column":2}},"7":{"start":{"line":12,"column":2},"end":{"line":12,"column":83}},"8":{"start":{"line":15,"column":0},"end":{"line":15,"column":30}},"9":{"start":{"line":16,"column":0},"end":{"line":16,"column":40}},"10":{"start":{"line":18,"column":0},"end":{"line":18,"column":26}}},"fnMap":{"0":{"name":"(anonymous_0)","decl":{"start":{"line":11,"column":19},"end":{"line":11,"column":20}},"loc":{"start":{"line":12,"column":2},"end":{"line":12,"column":83}},"line":12}},"branchMap":{},"s":{"0":1,"1":1,"2":1,"3":1,"4":1,"5":1,"6":1,"7":0,"8":1,"9":1,"10":1},"f":{"0":0},"b":{},"inputSourceMap":null,"_coverageSchema":"1a1c01bbd47fc00a2c39e90264f33305004495a9","hash":"5a6747839e32f140b84c490996b33c86d6bf15f6"}
,"/Users/ozorku/Desktop/paradise/Work/walls-api/src/routes/profile.route.js": {"path":"/Users/ozorku/Desktop/paradise/Work/walls-api/src/routes/profile.route.js","statementMap":{"0":{"start":{"line":1,"column":19},"end":{"line":1,"column":37}},"1":{"start":{"line":2,"column":26},"end":{"line":2,"column":70}},"2":{"start":{"line":3,"column":32},"end":{"line":3,"column":82}},"3":{"start":{"line":5,"column":21},"end":{"line":5,"column":29}},"4":{"start":{"line":20,"column":0},"end":{"line":20,"column":72}},"5":{"start":{"line":54,"column":0},"end":{"line":54,"column":79}},"6":{"start":{"line":56,"column":0},"end":{"line":56,"column":29}}},"fnMap":{},"branchMap":{},"s":{"0":1,"1":1,"2":1,"3":1,"4":1,"5":1,"6":1},"f":{},"b":{},"inputSourceMap":null,"_coverageSchema":"1a1c01bbd47fc00a2c39e90264f33305004495a9","hash":"50d7b49054e652bd3cd6e6374efa59304330a84f"}
,"/Users/ozorku/Desktop/paradise/Work/walls-api/src/schemas/index.js": {"path":"/Users/ozorku/Desktop/paradise/Work/walls-api/src/schemas/index.js","statementMap":{"0":{"start":{"line":1,"column":27},"end":{"line":1,"column":59}},"1":{"start":{"line":2,"column":20},"end":{"line":2,"column":45}},"2":{"start":{"line":4,"column":0},"end":{"line":4,"column":52}}},"fnMap":{},"branchMap":{},"s":{"0":1,"1":1,"2":1},"f":{},"b":{},"inputSourceMap":null,"_coverageSchema":"1a1c01bbd47fc00a2c39e90264f33305004495a9","hash":"1281e8eb689752843dad05967af6b883c639f815"}
,"/Users/ozorku/Desktop/paradise/Work/walls-api/src/schemas/login.schema.js": {"path":"/Users/ozorku/Desktop/paradise/Work/walls-api/src/schemas/login.schema.js","statementMap":{"0":{"start":{"line":1,"column":12},"end":{"line":1,"column":26}},"1":{"start":{"line":3,"column":20},"end":{"line":6,"column":2}},"2":{"start":{"line":8,"column":0},"end":{"line":8,"column":28}}},"fnMap":{},"branchMap":{},"s":{"0":1,"1":1,"2":1},"f":{},"b":{},"inputSourceMap":null,"_coverageSchema":"1a1c01bbd47fc00a2c39e90264f33305004495a9","hash":"c7f69840a0db510ed027ef8a3393bf4d072c567d"}
,"/Users/ozorku/Desktop/paradise/Work/walls-api/src/schemas/profileupdate.schema.js": {"path":"/Users/ozorku/Desktop/paradise/Work/walls-api/src/schemas/profileupdate.schema.js","statementMap":{"0":{"start":{"line":1,"column":12},"end":{"line":1,"column":26}},"1":{"start":{"line":3,"column":28},"end":{"line":8,"column":2}},"2":{"start":{"line":10,"column":0},"end":{"line":10,"column":36}}},"fnMap":{},"branchMap":{},"s":{"0":1,"1":1,"2":1},"f":{},"b":{},"inputSourceMap":null,"_coverageSchema":"1a1c01bbd47fc00a2c39e90264f33305004495a9","hash":"142ad1ad6399d2a986b3c15db563b7b63513efd2"}
,"/Users/ozorku/Desktop/paradise/Work/walls-api/src/schemas/registration.schema.js": {"path":"/Users/ozorku/Desktop/paradise/Work/walls-api/src/schemas/registration.schema.js","statementMap":{"0":{"start":{"line":1,"column":12},"end":{"line":1,"column":26}},"1":{"start":{"line":3,"column":27},"end":{"line":6,"column":2}},"2":{"start":{"line":8,"column":0},"end":{"line":8,"column":35}}},"fnMap":{},"branchMap":{},"s":{"0":1,"1":1,"2":1},"f":{},"b":{},"inputSourceMap":null,"_coverageSchema":"1a1c01bbd47fc00a2c39e90264f33305004495a9","hash":"b776c323fe88adaf6f182a38762201950628ef9a"}
}
